Arguments: 
  /Users/entria/.nvm/versions/node/v12.16.3/bin/node /usr/local/Cellar/yarn/1.22.5/libexec/bin/yarn.js

PATH: 
  /Users/entria/.rvm/gems/ruby-2.4.0-install/bin:/Users/entria/.rvm/gems/ruby-2.4.0-install@global/bin:/Users/entria/.rvm/rubies/ruby-2.4.0-install/bin:/Users/entria/.nvm/versions/node/v12.16.3/bin:/usr/local/bin:/usr/bin:/bin:/usr/sbin:/sbin:/usr/local/share/dotnet:~/.dotnet/tools:/Users/entria/.rvm/bin

Yarn version: 
  1.22.5

Node version: 
  12.16.3

Platform: 
  darwin x64

Trace: 
  SyntaxError: /Users/entria/Documents/projects/opensource/ecommerce-op/package.json: Unexpected token ] in JSON at position 2607
      at JSON.parse (<anonymous>)
      at /usr/local/Cellar/yarn/1.22.5/libexec/lib/cli.js:1625:59
      at Generator.next (<anonymous>)
      at step (/usr/local/Cellar/yarn/1.22.5/libexec/lib/cli.js:310:30)
      at /usr/local/Cellar/yarn/1.22.5/libexec/lib/cli.js:321:13

npm manifest: 
  {
    "name": "@eop/api",
    "version": "1.0.0",
    "main": "index.js",
    "author": "Danilo Assis",
    "license": "MIT",
    "private": true,
    "scripts": {
      "start": "webpack --watch --progress --config webpack.config.api.js"
    }
  }

yarn manifest: 
  No manifest

Lockfile: 
  No lockfile
